Using pre-set license
Built from '2020.3/staging' branch; Version is '2020.3.19f1 (68f137dc9bbe) revision 6877495'; Using compiler version '192528614'; Build Type 'Release'
OS: 'Windows 10 Pro; OS build 19042.1237; Version 2009; 64bit' Language: 'es' Physical Memory: 16342 MB
BatchMode: 1, IsHumanControllingUs: 0, StartBugReporterOnCrash: 0, Is64bit: 1, IsPro: 0

COMMAND LINE ARGUMENTS:
C:\Program Files\Unity\Hub\Editor\2020.3.19f1\Editor\Unity.exe
-adb2
-batchMode
-noUpm
-name
AssetImportWorker0
-projectPath
D:/MarcRamis/entregalbe1_Marc_Ramis/entregable1_Marc_Ramis/Entregable 1
-logFile
Logs/AssetImportWorker0.log
-srvPort
58775
Successfully changed project path to: D:/MarcRamis/entregalbe1_Marc_Ramis/entregable1_Marc_Ramis/Entregable 1
D:/MarcRamis/entregalbe1_Marc_Ramis/entregable1_Marc_Ramis/Entregable 1
Using Asset Import Pipeline V2.
Refreshing native plugins compatible for Editor in 32.61 ms, found 2 plugins.
Preloading 0 native plugins for Editor in 0.00 ms.
Initialize engine version: 2020.3.19f1 (68f137dc9bbe)
[Subsystems] Discovering subsystems at path C:/Program Files/Unity/Hub/Editor/2020.3.19f1/Editor/Data/Resources/UnitySubsystems
[Subsystems] Discovering subsystems at path D:/MarcRamis/entregalbe1_Marc_Ramis/entregable1_Marc_Ramis/Entregable 1/Assets
GfxDevice: creating device client; threaded=0
Direct3D:
    Version:  Direct3D 11.0 [level 11.1]
    Renderer: NVIDIA GeForce GTX 1050 Ti (ID=0x1c82)
    Vendor:   
    VRAM:     4018 MB
    Driver:   27.21.14.5671
Initialize mono
Mono path[0] = 'C:/Program Files/Unity/Hub/Editor/2020.3.19f1/Editor/Data/Managed'
Mono path[1] = 'C:/Program Files/Unity/Hub/Editor/2020.3.19f1/Editor/Data/MonoBleedingEdge/lib/mono/unityjit'
Mono config path = 'C:/Program Files/Unity/Hub/Editor/2020.3.19f1/Editor/Data/MonoBleedingEdge/etc'
Using monoOptions --debugger-agent=transport=dt_socket,embedding=1,server=y,suspend=n,address=127.0.0.1:56176
Begin MonoManager ReloadAssembly
Registering precompiled unity dll's ...
Register platform support module: C:/Program Files/Unity/Hub/Editor/2020.3.19f1/Editor/Data/PlaybackEngines/WindowsStandaloneSupport/UnityEditor.WindowsStandalone.Extensions.dll
Registered in 0.002171 seconds.
Native extension for WindowsStandalone target not found
Refreshing native plugins compatible for Editor in 30.23 ms, found 2 plugins.
Preloading 0 native plugins for Editor in 0.00 ms.
Mono: successfully reloaded assembly
- Completed reload, in  1.202 seconds
Domain Reload Profiling:
	ReloadAssembly (1203ms)
		BeginReloadAssembly (64ms)
			ExecutionOrderSort (0ms)
			DisableScriptedObjects (0ms)
			BackupInstance (0ms)
			ReleaseScriptingObjects (0ms)
			CreateAndSetChildDomain (1ms)
		EndReloadAssembly (452ms)
			LoadAssemblies (62ms)
			RebuildTransferFunctionScriptingTraits (0ms)
			SetupTypeCache (171ms)
			ReleaseScriptCaches (0ms)
			RebuildScriptCaches (33ms)
			SetupLoadedEditorAssemblies (170ms)
				LogAssemblyErrors (0ms)
				InitializePlatformSupportModulesInManaged (4ms)
				SetLoadedEditorAssemblies (0ms)
				RefreshPlugins (30ms)
				BeforeProcessingInitializeOnLoad (10ms)
				ProcessInitializeOnLoadAttributes (91ms)
				ProcessInitializeOnLoadMethodAttributes (33ms)
				AfterProcessingInitializeOnLoad (0ms)
				EditorAssembliesLoaded (0ms)
			ExecutionOrderSort2 (0ms)
			AwakeInstancesAfterBackupRestoration (0ms)
Platform modules already initialized, skipping
Registering precompiled user dll's ...
Registered in 0.002106 seconds.
Begin MonoManager ReloadAssembly
Native extension for WindowsStandalone target not found
Refreshing native plugins compatible for Editor in 0.30 ms, found 2 plugins.
Preloading 0 native plugins for Editor in 0.00 ms.
Mono: successfully reloaded assembly
- Completed reload, in  1.089 seconds
Domain Reload Profiling:
	ReloadAssembly (1090ms)
		BeginReloadAssembly (164ms)
			ExecutionOrderSort (0ms)
			DisableScriptedObjects (5ms)
			BackupInstance (0ms)
			ReleaseScriptingObjects (0ms)
			CreateAndSetChildDomain (20ms)
		EndReloadAssembly (857ms)
			LoadAssemblies (90ms)
			RebuildTransferFunctionScriptingTraits (0ms)
			SetupTypeCache (301ms)
			ReleaseScriptCaches (0ms)
			RebuildScriptCaches (45ms)
			SetupLoadedEditorAssemblies (318ms)
				LogAssemblyErrors (0ms)
				InitializePlatformSupportModulesInManaged (6ms)
				SetLoadedEditorAssemblies (0ms)
				RefreshPlugins (0ms)
				BeforeProcessingInitializeOnLoad (58ms)
				ProcessInitializeOnLoadAttributes (241ms)
				ProcessInitializeOnLoadMethodAttributes (5ms)
				AfterProcessingInitializeOnLoad (7ms)
				EditorAssembliesLoaded (0ms)
			ExecutionOrderSort2 (0ms)
			AwakeInstancesAfterBackupRestoration (8ms)
Platform modules already initialized, skipping
========================================================================
Worker process is ready to serve import requests
Launched and connected shader compiler UnityShaderCompiler.exe after 0.05 seconds
Refreshing native plugins compatible for Editor in 0.30 ms, found 2 plugins.
Preloading 0 native plugins for Editor in 0.00 ms.
Unloading 1397 Unused Serialized files (Serialized files now loaded: 0)
System memory in use before: 64.8 MB.
System memory in use after: 64.9 MB.

Unloading 16 unused Assets to reduce memory usage. Loaded Objects now: 1832.
Total: 3.265300 ms (FindLiveObjects: 0.152900 ms CreateObjectMapping: 0.051300 ms MarkObjects: 2.959500 ms  DeleteObjects: 0.100600 ms)

AssetImportParameters requested are different than current active one (requested -> active):
  custom:framework-win-MediaFoundation: 216162199b28c13a410421893ffa2e32 -> 
  custom:video-decoder-ogg-theora: a1e56fd34408186e4bbccfd4996cb3dc -> 
  custom:container-muxer-webm: aa71ff27fc2769a1b78a27578f13a17b -> 
  custom:container-demuxer-webm: 4f35f7cbe854078d1ac9338744f61a02 -> 
  custom:container-demuxer-ogg: 62fdf1f143b41e24485cea50d1cbac27 -> 
  custom:video-encoder-webm-vp8: eb34c28f22e8b96e1ab97ce403110664 -> 
  custom:video-decoder-webm-vp8: 9c59270c3fd7afecdb556c50c9e8de78 -> 
  custom:audio-decoder-ogg-vorbis: bf7c407c2cedff20999df2af8eb42d56 -> 
  custom:audio-encoder-webm-vorbis: bf7c407c2cedff20999df2af8eb42d56 -> 
========================================================================
Received Import Request.
  path: Assets/Scenes/prefabs
  artifactKey: Guid(a26a22e617b07d34ca6487e024356811) Importer(815301076,1909f56bfc062723c751e8b465ee728b)
Start importing Assets/Scenes/prefabs using Guid(a26a22e617b07d34ca6487e024356811) Importer(815301076,1909f56bfc062723c751e8b465ee728b)  -> (artifact id: 'd27cf4f95c744d750843be7a76179abc') in 0.004150 seconds 
  Import took 0.006460 seconds .

========================================================================
Received Import Request.
  Time since last request: 27.157569 seconds.
  path: Assets/Scenes/prefabs/cabina.prefab
  artifactKey: Guid(7716ef7a13f76cc4eb6f4df63f4450ac) Importer(815301076,1909f56bfc062723c751e8b465ee728b)
Start importing Assets/Scenes/prefabs/cabina.prefab using Guid(7716ef7a13f76cc4eb6f4df63f4450ac) Importer(815301076,1909f56bfc062723c751e8b465ee728b)  -> (artifact id: 'b3640e7d1fa553b9b4bd31f306bc9b56') in 0.115213 seconds 
  Import took 0.117714 seconds .

========================================================================
Received Import Request.
  Time since last request: 11.987953 seconds.
  path: Assets/Scenes/prefabs/partes_pref
  artifactKey: Guid(3e356f81574a1b847a30879f586f2711) Importer(815301076,1909f56bfc062723c751e8b465ee728b)
Start importing Assets/Scenes/prefabs/partes_pref using Guid(3e356f81574a1b847a30879f586f2711) Importer(815301076,1909f56bfc062723c751e8b465ee728b)  -> (artifact id: '9b22e94799c1231a0a609dc880e6427a') in 0.002476 seconds 
  Import took 0.005765 seconds .

========================================================================
Received Import Request.
  Time since last request: 8.586298 seconds.
  path: Assets/Scenes/prefabs/personajes_pref
  artifactKey: Guid(243a2c7ade41ae34a9bc7b0e38288927) Importer(815301076,1909f56bfc062723c751e8b465ee728b)
Start importing Assets/Scenes/prefabs/personajes_pref using Guid(243a2c7ade41ae34a9bc7b0e38288927) Importer(815301076,1909f56bfc062723c751e8b465ee728b)  -> (artifact id: '7014f184f18ce8829f57290b8e82fdf0') in 0.002649 seconds 
  Import took 0.005538 seconds .

========================================================================
Received Import Request.
  Time since last request: 439.032208 seconds.
  path: Assets/Scenes/prefabs/partes_pref/parte1_motor.prefab
  artifactKey: Guid(4c96fc847026db74bb92c4c90eec6207) Importer(815301076,1909f56bfc062723c751e8b465ee728b)
Start importing Assets/Scenes/prefabs/partes_pref/parte1_motor.prefab using Guid(4c96fc847026db74bb92c4c90eec6207) Importer(815301076,1909f56bfc062723c751e8b465ee728b)  -> (artifact id: '755662354a58b2eee309e0bb639f23c9') in 0.013833 seconds 
  Import took 0.017191 seconds .

========================================================================
Received Import Request.
  Time since last request: 152.708024 seconds.
  path: Assets/Scenes/prefabs/partes_pref/parte1_motor.prefab
  artifactKey: Guid(4c96fc847026db74bb92c4c90eec6207) Importer(815301076,1909f56bfc062723c751e8b465ee728b)
Start importing Assets/Scenes/prefabs/partes_pref/parte1_motor.prefab using Guid(4c96fc847026db74bb92c4c90eec6207) Importer(815301076,1909f56bfc062723c751e8b465ee728b)  -> (artifact id: 'ca28cf6ca830506a7a465de8de2dc87c') in 0.008324 seconds 
  Import took 0.011172 seconds .

========================================================================
Received Import Request.
  Time since last request: 8.236028 seconds.
  path: Assets/Scenes/prefabs/partes_pref/parte1_motor.prefab
  artifactKey: Guid(4c96fc847026db74bb92c4c90eec6207) Importer(815301076,1909f56bfc062723c751e8b465ee728b)
Start importing Assets/Scenes/prefabs/partes_pref/parte1_motor.prefab using Guid(4c96fc847026db74bb92c4c90eec6207) Importer(815301076,1909f56bfc062723c751e8b465ee728b)  -> (artifact id: '79d628e2b8c39d1cba716c477badc7ed') in 0.008875 seconds 
  Import took 0.012289 seconds .

========================================================================
Received Import Request.
  Time since last request: 4.829557 seconds.
  path: Assets/Scenes/prefabs/partes_pref/parte1_motor.prefab
  artifactKey: Guid(4c96fc847026db74bb92c4c90eec6207) Importer(815301076,1909f56bfc062723c751e8b465ee728b)
Start importing Assets/Scenes/prefabs/partes_pref/parte1_motor.prefab using Guid(4c96fc847026db74bb92c4c90eec6207) Importer(815301076,1909f56bfc062723c751e8b465ee728b)  -> (artifact id: '9363b1fb0767105b3b1e4c8b23a16809') in 0.009492 seconds 
  Import took 0.012253 seconds .

========================================================================
Received Import Request.
  Time since last request: 7.243932 seconds.
  path: Assets/Scenes/prefabs/partes_pref/parte1_motor.prefab
  artifactKey: Guid(4c96fc847026db74bb92c4c90eec6207) Importer(815301076,1909f56bfc062723c751e8b465ee728b)
Start importing Assets/Scenes/prefabs/partes_pref/parte1_motor.prefab using Guid(4c96fc847026db74bb92c4c90eec6207) Importer(815301076,1909f56bfc062723c751e8b465ee728b)  -> (artifact id: 'e619a91890b628da7c2f78ec83e5b3dc') in 0.009792 seconds 
  Import took 0.013043 seconds .

========================================================================
Received Import Request.
  Time since last request: 5.232026 seconds.
  path: Assets/Scenes/prefabs/partes_pref/parte1_motor.prefab
  artifactKey: Guid(4c96fc847026db74bb92c4c90eec6207) Importer(815301076,1909f56bfc062723c751e8b465ee728b)
Start importing Assets/Scenes/prefabs/partes_pref/parte1_motor.prefab using Guid(4c96fc847026db74bb92c4c90eec6207) Importer(815301076,1909f56bfc062723c751e8b465ee728b)  -> (artifact id: '71918725a2317d735811cb95b6a5a7a7') in 0.008146 seconds 
  Import took 0.011250 seconds .

========================================================================
Received Import Request.
  Time since last request: 8.269870 seconds.
  path: Assets/Scenes/prefabs/partes_pref/parte1_motor.prefab
  artifactKey: Guid(4c96fc847026db74bb92c4c90eec6207) Importer(815301076,1909f56bfc062723c751e8b465ee728b)
Start importing Assets/Scenes/prefabs/partes_pref/parte1_motor.prefab using Guid(4c96fc847026db74bb92c4c90eec6207) Importer(815301076,1909f56bfc062723c751e8b465ee728b)  -> (artifact id: 'b6602562da5e272b28e297604b920940') in 0.008037 seconds 
  Import took 0.011050 seconds .

========================================================================
Received Import Request.
  Time since last request: 40.130269 seconds.
  path: Assets/Scenes/prefabs/partes_pref/parte1_motor.prefab
  artifactKey: Guid(4c96fc847026db74bb92c4c90eec6207) Importer(815301076,1909f56bfc062723c751e8b465ee728b)
Start importing Assets/Scenes/prefabs/partes_pref/parte1_motor.prefab using Guid(4c96fc847026db74bb92c4c90eec6207) Importer(815301076,1909f56bfc062723c751e8b465ee728b)  -> (artifact id: '670a0c9833726a5713a3bffc39680448') in 0.026637 seconds 
  Import took 0.030087 seconds .

========================================================================
Received Import Request.
  Time since last request: 5.796285 seconds.
  path: Assets/Scenes/prefabs/partes_pref/parte1_motor.prefab
  artifactKey: Guid(4c96fc847026db74bb92c4c90eec6207) Importer(815301076,1909f56bfc062723c751e8b465ee728b)
Start importing Assets/Scenes/prefabs/partes_pref/parte1_motor.prefab using Guid(4c96fc847026db74bb92c4c90eec6207) Importer(815301076,1909f56bfc062723c751e8b465ee728b)  -> (artifact id: 'f238e2c65ccdf3c7298380bf3040378d') in 0.020935 seconds 
  Import took 0.023505 seconds .

========================================================================
Received Import Request.
  Time since last request: 2.186959 seconds.
  path: Assets/Scenes/prefabs/partes_pref/parte1_motor.prefab
  artifactKey: Guid(4c96fc847026db74bb92c4c90eec6207) Importer(815301076,1909f56bfc062723c751e8b465ee728b)
Start importing Assets/Scenes/prefabs/partes_pref/parte1_motor.prefab using Guid(4c96fc847026db74bb92c4c90eec6207) Importer(815301076,1909f56bfc062723c751e8b465ee728b)  -> (artifact id: '10d9ba1b79b2ea00a8fc2327d5dac5fc') in 0.010415 seconds 
  Import took 0.013640 seconds .

========================================================================
Received Import Request.
  Time since last request: 1.201170 seconds.
  path: Assets/Scenes/prefabs/partes_pref/parte1_motor.prefab
  artifactKey: Guid(4c96fc847026db74bb92c4c90eec6207) Importer(815301076,1909f56bfc062723c751e8b465ee728b)
Start importing Assets/Scenes/prefabs/partes_pref/parte1_motor.prefab using Guid(4c96fc847026db74bb92c4c90eec6207) Importer(815301076,1909f56bfc062723c751e8b465ee728b)  -> (artifact id: '620364d6992d1121d8353f3f5a1ac678') in 0.008716 seconds 
  Import took 0.011703 seconds .

========================================================================
Received Import Request.
  Time since last request: 1.405695 seconds.
  path: Assets/Scenes/prefabs/partes_pref/parte1_motor.prefab
  artifactKey: Guid(4c96fc847026db74bb92c4c90eec6207) Importer(815301076,1909f56bfc062723c751e8b465ee728b)
Start importing Assets/Scenes/prefabs/partes_pref/parte1_motor.prefab using Guid(4c96fc847026db74bb92c4c90eec6207) Importer(815301076,1909f56bfc062723c751e8b465ee728b)  -> (artifact id: '8c1a03853664fb8ca3fc3c63ec0a3ded') in 0.008646 seconds 
  Import took 0.011550 seconds .

========================================================================
Received Import Request.
  Time since last request: 0.589941 seconds.
  path: Assets/Scenes/prefabs/partes_pref/parte1_motor.prefab
  artifactKey: Guid(4c96fc847026db74bb92c4c90eec6207) Importer(815301076,1909f56bfc062723c751e8b465ee728b)
Start importing Assets/Scenes/prefabs/partes_pref/parte1_motor.prefab using Guid(4c96fc847026db74bb92c4c90eec6207) Importer(815301076,1909f56bfc062723c751e8b465ee728b)  -> (artifact id: 'a6d803ad4deda6e7fe2710a71026088e') in 0.008485 seconds 
  Import took 0.012043 seconds .

========================================================================
Received Import Request.
  Time since last request: 12.110315 seconds.
  path: Assets/Scenes/prefabs/partes_pref/parte1_motor.prefab
  artifactKey: Guid(4c96fc847026db74bb92c4c90eec6207) Importer(815301076,1909f56bfc062723c751e8b465ee728b)
Start importing Assets/Scenes/prefabs/partes_pref/parte1_motor.prefab using Guid(4c96fc847026db74bb92c4c90eec6207) Importer(815301076,1909f56bfc062723c751e8b465ee728b)  -> (artifact id: 'c52ec11f70533f4c131b6734890d6f9a') in 0.014126 seconds 
  Import took 0.016933 seconds .

========================================================================
Received Import Request.
  Time since last request: 5.850820 seconds.
  path: Assets/Scenes/prefabs/partes_pref/parte1_motor.prefab
  artifactKey: Guid(4c96fc847026db74bb92c4c90eec6207) Importer(815301076,1909f56bfc062723c751e8b465ee728b)
Start importing Assets/Scenes/prefabs/partes_pref/parte1_motor.prefab using Guid(4c96fc847026db74bb92c4c90eec6207) Importer(815301076,1909f56bfc062723c751e8b465ee728b)  -> (artifact id: '241e58e7e3da5fa7167ed8eb8867e8be') in 0.006980 seconds 
  Import took 0.010542 seconds .

========================================================================
Received Import Request.
  Time since last request: 1.802174 seconds.
  path: Assets/Scenes/prefabs/partes_pref/parte1_motor.prefab
  artifactKey: Guid(4c96fc847026db74bb92c4c90eec6207) Importer(815301076,1909f56bfc062723c751e8b465ee728b)
Start importing Assets/Scenes/prefabs/partes_pref/parte1_motor.prefab using Guid(4c96fc847026db74bb92c4c90eec6207) Importer(815301076,1909f56bfc062723c751e8b465ee728b)  -> (artifact id: '9aa2dc01d82dc25a37745d1e229509fd') in 0.007867 seconds 
  Import took 0.010878 seconds .

========================================================================
Received Import Request.
  Time since last request: 3.436076 seconds.
  path: Assets/Scenes/prefabs/partes_pref/parte1_motor.prefab
  artifactKey: Guid(4c96fc847026db74bb92c4c90eec6207) Importer(815301076,1909f56bfc062723c751e8b465ee728b)
Start importing Assets/Scenes/prefabs/partes_pref/parte1_motor.prefab using Guid(4c96fc847026db74bb92c4c90eec6207) Importer(815301076,1909f56bfc062723c751e8b465ee728b)  -> (artifact id: 'f6a4c845a93e8a1fcd3579425d2654a2') in 0.007589 seconds 
  Import took 0.011314 seconds .

========================================================================
Received Import Request.
  Time since last request: 1.989981 seconds.
  path: Assets/Scenes/prefabs/partes_pref/parte1_motor.prefab
  artifactKey: Guid(4c96fc847026db74bb92c4c90eec6207) Importer(815301076,1909f56bfc062723c751e8b465ee728b)
Start importing Assets/Scenes/prefabs/partes_pref/parte1_motor.prefab using Guid(4c96fc847026db74bb92c4c90eec6207) Importer(815301076,1909f56bfc062723c751e8b465ee728b)  -> (artifact id: '2e58d0e966b3cb35bd3311e420803f2d') in 0.008175 seconds 
  Import took 0.011395 seconds .

========================================================================
Received Import Request.
  Time since last request: 5.252901 seconds.
  path: Assets/Scenes/prefabs/partes_pref/parte1_motor.prefab
  artifactKey: Guid(4c96fc847026db74bb92c4c90eec6207) Importer(815301076,1909f56bfc062723c751e8b465ee728b)
Start importing Assets/Scenes/prefabs/partes_pref/parte1_motor.prefab using Guid(4c96fc847026db74bb92c4c90eec6207) Importer(815301076,1909f56bfc062723c751e8b465ee728b)  -> (artifact id: '7df49acf36a4642ea48aa31d3149decb') in 0.009085 seconds 
  Import took 0.012711 seconds .

========================================================================
Received Import Request.
  Time since last request: 16.725274 seconds.
  path: Assets/Scenes/prefabs/partes_pref/parte1_motor.prefab
  artifactKey: Guid(4c96fc847026db74bb92c4c90eec6207) Importer(815301076,1909f56bfc062723c751e8b465ee728b)
Start importing Assets/Scenes/prefabs/partes_pref/parte1_motor.prefab using Guid(4c96fc847026db74bb92c4c90eec6207) Importer(815301076,1909f56bfc062723c751e8b465ee728b)  -> (artifact id: '25d60c565e7ab9f9f3e2550c9a0fc1e7') in 0.008086 seconds 
  Import took 0.011260 seconds .

========================================================================
Received Import Request.
  Time since last request: 1.602187 seconds.
  path: Assets/Scenes/prefabs/partes_pref/parte1_motor.prefab
  artifactKey: Guid(4c96fc847026db74bb92c4c90eec6207) Importer(815301076,1909f56bfc062723c751e8b465ee728b)
Start importing Assets/Scenes/prefabs/partes_pref/parte1_motor.prefab using Guid(4c96fc847026db74bb92c4c90eec6207) Importer(815301076,1909f56bfc062723c751e8b465ee728b)  -> (artifact id: '27e367cbc35682eedbeaea347a0b1037') in 0.008004 seconds 
  Import took 0.011767 seconds .

========================================================================
Received Import Request.
  Time since last request: 3.621025 seconds.
  path: Assets/Scenes/prefabs/partes_pref/parte1_motor.prefab
  artifactKey: Guid(4c96fc847026db74bb92c4c90eec6207) Importer(815301076,1909f56bfc062723c751e8b465ee728b)
Start importing Assets/Scenes/prefabs/partes_pref/parte1_motor.prefab using Guid(4c96fc847026db74bb92c4c90eec6207) Importer(815301076,1909f56bfc062723c751e8b465ee728b)  -> (artifact id: '6ee12ac7e1798863c760493984230055') in 0.008313 seconds 
  Import took 0.011495 seconds .

========================================================================
Received Import Request.
  Time since last request: 2.402396 seconds.
  path: Assets/Scenes/prefabs/partes_pref/parte1_motor.prefab
  artifactKey: Guid(4c96fc847026db74bb92c4c90eec6207) Importer(815301076,1909f56bfc062723c751e8b465ee728b)
Start importing Assets/Scenes/prefabs/partes_pref/parte1_motor.prefab using Guid(4c96fc847026db74bb92c4c90eec6207) Importer(815301076,1909f56bfc062723c751e8b465ee728b)  -> (artifact id: 'e12091a3dc1d0637c32f7e81cd17fc00') in 0.008223 seconds 
  Import took 0.011622 seconds .

========================================================================
Received Import Request.
  Time since last request: 2.614679 seconds.
  path: Assets/Scenes/prefabs/partes_pref/parte1_motor.prefab
  artifactKey: Guid(4c96fc847026db74bb92c4c90eec6207) Importer(815301076,1909f56bfc062723c751e8b465ee728b)
Start importing Assets/Scenes/prefabs/partes_pref/parte1_motor.prefab using Guid(4c96fc847026db74bb92c4c90eec6207) Importer(815301076,1909f56bfc062723c751e8b465ee728b)  -> (artifact id: '2f4650ed068d693e53c12e942f17e440') in 0.008200 seconds 
  Import took 0.011325 seconds .

========================================================================
Received Import Request.
  Time since last request: 6.852472 seconds.
  path: Assets/Scenes/prefabs/partes_pref/parte1_motor.prefab
  artifactKey: Guid(4c96fc847026db74bb92c4c90eec6207) Importer(815301076,1909f56bfc062723c751e8b465ee728b)
Start importing Assets/Scenes/prefabs/partes_pref/parte1_motor.prefab using Guid(4c96fc847026db74bb92c4c90eec6207) Importer(815301076,1909f56bfc062723c751e8b465ee728b)  -> (artifact id: '9b7de3c8a86cfdcba3c24e9200c4c6e5') in 0.009235 seconds 
  Import took 0.012076 seconds .

========================================================================
Received Import Request.
  Time since last request: 1.802908 seconds.
  path: Assets/Scenes/prefabs/partes_pref/parte1_motor.prefab
  artifactKey: Guid(4c96fc847026db74bb92c4c90eec6207) Importer(815301076,1909f56bfc062723c751e8b465ee728b)
Start importing Assets/Scenes/prefabs/partes_pref/parte1_motor.prefab using Guid(4c96fc847026db74bb92c4c90eec6207) Importer(815301076,1909f56bfc062723c751e8b465ee728b)  -> (artifact id: 'f378c89566fc3c1065357f0fd4af9082') in 0.008981 seconds 
  Import took 0.012054 seconds .

========================================================================
Received Import Request.
  Time since last request: 5.235121 seconds.
  path: Assets/Scenes/prefabs/partes_pref/parte1_motor.prefab
  artifactKey: Guid(4c96fc847026db74bb92c4c90eec6207) Importer(815301076,1909f56bfc062723c751e8b465ee728b)
Start importing Assets/Scenes/prefabs/partes_pref/parte1_motor.prefab using Guid(4c96fc847026db74bb92c4c90eec6207) Importer(815301076,1909f56bfc062723c751e8b465ee728b)  -> (artifact id: '9aaa40727afde4ac8d1898bb633fec76') in 0.009616 seconds 
  Import took 0.013403 seconds .

========================================================================
Received Import Request.
  Time since last request: 6.659589 seconds.
  path: Assets/Scenes/prefabs/partes_pref/parte1_motor.prefab
  artifactKey: Guid(4c96fc847026db74bb92c4c90eec6207) Importer(815301076,1909f56bfc062723c751e8b465ee728b)
Start importing Assets/Scenes/prefabs/partes_pref/parte1_motor.prefab using Guid(4c96fc847026db74bb92c4c90eec6207) Importer(815301076,1909f56bfc062723c751e8b465ee728b)  -> (artifact id: '7988a7a6328632c3614bab95ca4a0017') in 0.009751 seconds 
  Import took 0.012955 seconds .

========================================================================
Received Import Request.
  Time since last request: 2.613603 seconds.
  path: Assets/Scenes/prefabs/partes_pref/parte1_motor.prefab
  artifactKey: Guid(4c96fc847026db74bb92c4c90eec6207) Importer(815301076,1909f56bfc062723c751e8b465ee728b)
Start importing Assets/Scenes/prefabs/partes_pref/parte1_motor.prefab using Guid(4c96fc847026db74bb92c4c90eec6207) Importer(815301076,1909f56bfc062723c751e8b465ee728b)  -> (artifact id: '2f484642d6ac92f2f80f60630dd22c08') in 0.007659 seconds 
  Import took 0.011032 seconds .

========================================================================
Received Import Request.
  Time since last request: 4.026591 seconds.
  path: Assets/Scenes/prefabs/partes_pref/parte1_motor.prefab
  artifactKey: Guid(4c96fc847026db74bb92c4c90eec6207) Importer(815301076,1909f56bfc062723c751e8b465ee728b)
Start importing Assets/Scenes/prefabs/partes_pref/parte1_motor.prefab using Guid(4c96fc847026db74bb92c4c90eec6207) Importer(815301076,1909f56bfc062723c751e8b465ee728b)  -> (artifact id: 'b2acbf1234dfc00c0f7713b2bb7eb6d5') in 0.009255 seconds 
  Import took 0.012185 seconds .

========================================================================
Received Import Request.
  Time since last request: 6.858732 seconds.
  path: Assets/Scenes/prefabs/partes_pref/parte1_motor.prefab
  artifactKey: Guid(4c96fc847026db74bb92c4c90eec6207) Importer(815301076,1909f56bfc062723c751e8b465ee728b)
Start importing Assets/Scenes/prefabs/partes_pref/parte1_motor.prefab using Guid(4c96fc847026db74bb92c4c90eec6207) Importer(815301076,1909f56bfc062723c751e8b465ee728b)  -> (artifact id: '8cdb0f4e38577fde4b574db4893c7794') in 0.009554 seconds 
  Import took 0.012277 seconds .

========================================================================
Received Import Request.
  Time since last request: 11.097738 seconds.
  path: Assets/Scenes/prefabs/partes_pref/parte1_motor.prefab
  artifactKey: Guid(4c96fc847026db74bb92c4c90eec6207) Importer(815301076,1909f56bfc062723c751e8b465ee728b)
Start importing Assets/Scenes/prefabs/partes_pref/parte1_motor.prefab using Guid(4c96fc847026db74bb92c4c90eec6207) Importer(815301076,1909f56bfc062723c751e8b465ee728b)  -> (artifact id: '6c538d3a8ee1e5963e29c5908fa33d63') in 0.007980 seconds 
  Import took 0.011027 seconds .

========================================================================
Received Import Request.
  Time since last request: 8.263512 seconds.
  path: Assets/Scenes/prefabs/partes_pref/parte1_motor.prefab
  artifactKey: Guid(4c96fc847026db74bb92c4c90eec6207) Importer(815301076,1909f56bfc062723c751e8b465ee728b)
Start importing Assets/Scenes/prefabs/partes_pref/parte1_motor.prefab using Guid(4c96fc847026db74bb92c4c90eec6207) Importer(815301076,1909f56bfc062723c751e8b465ee728b)  -> (artifact id: 'f5b981672226d5880b63ff4135d98fe4') in 0.008835 seconds 
  Import took 0.012240 seconds .

========================================================================
Received Import Request.
  Time since last request: 6.446151 seconds.
  path: Assets/Scenes/prefabs/partes_pref/parte1_motor.prefab
  artifactKey: Guid(4c96fc847026db74bb92c4c90eec6207) Importer(815301076,1909f56bfc062723c751e8b465ee728b)
Start importing Assets/Scenes/prefabs/partes_pref/parte1_motor.prefab using Guid(4c96fc847026db74bb92c4c90eec6207) Importer(815301076,1909f56bfc062723c751e8b465ee728b)  -> (artifact id: '29b1835d71d76883398061c43b9b8ee6') in 0.010027 seconds 
  Import took 0.012951 seconds .

========================================================================
Received Import Request.
  Time since last request: 3.823622 seconds.
  path: Assets/Scenes/prefabs/partes_pref/parte1_motor.prefab
  artifactKey: Guid(4c96fc847026db74bb92c4c90eec6207) Importer(815301076,1909f56bfc062723c751e8b465ee728b)
Start importing Assets/Scenes/prefabs/partes_pref/parte1_motor.prefab using Guid(4c96fc847026db74bb92c4c90eec6207) Importer(815301076,1909f56bfc062723c751e8b465ee728b)  -> (artifact id: 'b972ec2b72755ae6452963bcdb4a7577') in 0.008268 seconds 
  Import took 0.011622 seconds .

========================================================================
Received Import Request.
  Time since last request: 2.407533 seconds.
  path: Assets/Scenes/prefabs/partes_pref/parte1_motor.prefab
  artifactKey: Guid(4c96fc847026db74bb92c4c90eec6207) Importer(815301076,1909f56bfc062723c751e8b465ee728b)
Start importing Assets/Scenes/prefabs/partes_pref/parte1_motor.prefab using Guid(4c96fc847026db74bb92c4c90eec6207) Importer(815301076,1909f56bfc062723c751e8b465ee728b)  -> (artifact id: '2792d5f9606961493adc75a2ec513ad6') in 0.008550 seconds 
  Import took 0.011833 seconds .

========================================================================
Received Import Request.
  Time since last request: 5.478496 seconds.
  path: Assets/Scenes/prefabs/partes_pref/parte1_motor.prefab
  artifactKey: Guid(4c96fc847026db74bb92c4c90eec6207) Importer(815301076,1909f56bfc062723c751e8b465ee728b)
Start importing Assets/Scenes/prefabs/partes_pref/parte1_motor.prefab using Guid(4c96fc847026db74bb92c4c90eec6207) Importer(815301076,1909f56bfc062723c751e8b465ee728b)  -> (artifact id: '28984c21ec3f301a77aa2fe6b750f8a5') in 0.007496 seconds 
  Import took 0.010396 seconds .

========================================================================
Received Import Request.
  Time since last request: 1.160936 seconds.
  path: Assets/Scenes/prefabs/partes_pref/parte1_motor.prefab
  artifactKey: Guid(4c96fc847026db74bb92c4c90eec6207) Importer(815301076,1909f56bfc062723c751e8b465ee728b)
Start importing Assets/Scenes/prefabs/partes_pref/parte1_motor.prefab using Guid(4c96fc847026db74bb92c4c90eec6207) Importer(815301076,1909f56bfc062723c751e8b465ee728b)  -> (artifact id: 'e3bac6a88b21e363c9766f11ed038a37') in 0.008586 seconds 
  Import took 0.011787 seconds .

========================================================================
Received Import Request.
  Time since last request: 6.257039 seconds.
  path: Assets/Scenes/prefabs/partes_pref/parte1_motor.prefab
  artifactKey: Guid(4c96fc847026db74bb92c4c90eec6207) Importer(815301076,1909f56bfc062723c751e8b465ee728b)
Start importing Assets/Scenes/prefabs/partes_pref/parte1_motor.prefab using Guid(4c96fc847026db74bb92c4c90eec6207) Importer(815301076,1909f56bfc062723c751e8b465ee728b)  -> (artifact id: '14806b2097c5c1c219b46c8fdaaf0db0') in 0.009444 seconds 
  Import took 0.012808 seconds .

========================================================================
Received Import Request.
  Time since last request: 3.018228 seconds.
  path: Assets/Scenes/prefabs/partes_pref/parte1_motor.prefab
  artifactKey: Guid(4c96fc847026db74bb92c4c90eec6207) Importer(815301076,1909f56bfc062723c751e8b465ee728b)
Start importing Assets/Scenes/prefabs/partes_pref/parte1_motor.prefab using Guid(4c96fc847026db74bb92c4c90eec6207) Importer(815301076,1909f56bfc062723c751e8b465ee728b)  -> (artifact id: '8ac070c3a35586021f56ddf9791a1436') in 0.008734 seconds 
  Import took 0.012114 seconds .

========================================================================
Received Import Request.
  Time since last request: 1.801708 seconds.
  path: Assets/Scenes/prefabs/partes_pref/parte1_motor.prefab
  artifactKey: Guid(4c96fc847026db74bb92c4c90eec6207) Importer(815301076,1909f56bfc062723c751e8b465ee728b)
Start importing Assets/Scenes/prefabs/partes_pref/parte1_motor.prefab using Guid(4c96fc847026db74bb92c4c90eec6207) Importer(815301076,1909f56bfc062723c751e8b465ee728b)  -> (artifact id: '87ebeba86c839dc310dcb0ec4eaa1479') in 0.008707 seconds 
  Import took 0.012445 seconds .

========================================================================
Received Import Request.
  Time since last request: 2.613434 seconds.
  path: Assets/Scenes/prefabs/partes_pref/parte1_motor.prefab
  artifactKey: Guid(4c96fc847026db74bb92c4c90eec6207) Importer(815301076,1909f56bfc062723c751e8b465ee728b)
Start importing Assets/Scenes/prefabs/partes_pref/parte1_motor.prefab using Guid(4c96fc847026db74bb92c4c90eec6207) Importer(815301076,1909f56bfc062723c751e8b465ee728b)  -> (artifact id: 'a3dec25b2304331825db33be4b7e614c') in 0.007570 seconds 
  Import took 0.010974 seconds .

========================================================================
Received Import Request.
  Time since last request: 1.808900 seconds.
  path: Assets/Scenes/prefabs/partes_pref/parte1_motor.prefab
  artifactKey: Guid(4c96fc847026db74bb92c4c90eec6207) Importer(815301076,1909f56bfc062723c751e8b465ee728b)
Start importing Assets/Scenes/prefabs/partes_pref/parte1_motor.prefab using Guid(4c96fc847026db74bb92c4c90eec6207) Importer(815301076,1909f56bfc062723c751e8b465ee728b)  -> (artifact id: 'd306e5eeabd1ebd330070d99e0c99431') in 0.009154 seconds 
  Import took 0.012093 seconds .

========================================================================
Received Import Request.
  Time since last request: 6.468434 seconds.
  path: Assets/Scenes/prefabs/partes_pref/parte1_motor.prefab
  artifactKey: Guid(4c96fc847026db74bb92c4c90eec6207) Importer(815301076,1909f56bfc062723c751e8b465ee728b)
Start importing Assets/Scenes/prefabs/partes_pref/parte1_motor.prefab using Guid(4c96fc847026db74bb92c4c90eec6207) Importer(815301076,1909f56bfc062723c751e8b465ee728b)  -> (artifact id: '67394261b2d5ca6151975186d46134fb') in 0.008842 seconds 
  Import took 0.012166 seconds .

========================================================================
Received Import Request.
  Time since last request: 22.617936 seconds.
  path: Assets/Scenes/prefabs/partes_pref/parte1_motor.prefab
  artifactKey: Guid(4c96fc847026db74bb92c4c90eec6207) Importer(815301076,1909f56bfc062723c751e8b465ee728b)
Start importing Assets/Scenes/prefabs/partes_pref/parte1_motor.prefab using Guid(4c96fc847026db74bb92c4c90eec6207) Importer(815301076,1909f56bfc062723c751e8b465ee728b)  -> (artifact id: '7d4a10c07f30050f890c8aaa704d862a') in 0.008108 seconds 
  Import took 0.011753 seconds .

========================================================================
Received Import Request.
  Time since last request: 62.916412 seconds.
  path: Assets/Scenes/prefabs/personajes_pref/Player.prefab
  artifactKey: Guid(0c91da05368191042bb574540288b581) Importer(815301076,1909f56bfc062723c751e8b465ee728b)
Start importing Assets/Scenes/prefabs/personajes_pref/Player.prefab using Guid(0c91da05368191042bb574540288b581) Importer(815301076,1909f56bfc062723c751e8b465ee728b)  -> (artifact id: '240694398b97654fffdb0096eb10670a') in 0.009744 seconds 
  Import took 0.013680 seconds .

========================================================================
Received Import Request.
  Time since last request: 208.814898 seconds.
  path: Assets/Scenes/marteriales_mat
  artifactKey: Guid(e94f7f032dbdbe442a910d54ef2daf8f) Importer(815301076,1909f56bfc062723c751e8b465ee728b)
Start importing Assets/Scenes/marteriales_mat using Guid(e94f7f032dbdbe442a910d54ef2daf8f) Importer(815301076,1909f56bfc062723c751e8b465ee728b)  -> (artifact id: '5bed6d16cf2c8dbd125839bbe947aaa5') in 0.002471 seconds 
  Import took 0.005452 seconds .

========================================================================
Received Import Request.
  Time since last request: 19.621999 seconds.
  path: Assets/Scenes/textures
  artifactKey: Guid(e94f7f032dbdbe442a910d54ef2daf8f) Importer(815301076,1909f56bfc062723c751e8b465ee728b)
Start importing Assets/Scenes/textures using Guid(e94f7f032dbdbe442a910d54ef2daf8f) Importer(815301076,1909f56bfc062723c751e8b465ee728b)  -> (artifact id: '4ecdecde2d08b9bbb69d12446d6c6d00') in 0.001126 seconds 
  Import took 0.004152 seconds .

========================================================================
Received Import Request.
  Time since last request: 1.874177 seconds.
  path: Assets/Scenes/textures/images.jfif
  artifactKey: Guid(5c483468019870e49afc1ecdfb27d624) Importer(815301076,1909f56bfc062723c751e8b465ee728b)
Start importing Assets/Scenes/textures/images.jfif using Guid(5c483468019870e49afc1ecdfb27d624) Importer(815301076,1909f56bfc062723c751e8b465ee728b)  -> (artifact id: '5dc5e988c935eecaa3dc26497800beca') in 0.009803 seconds 
  Import took 0.012466 seconds .

========================================================================
Received Import Request.
  Time since last request: 241.353419 seconds.
  path: Assets/Scenes/textures/fuego.jfif
  artifactKey: Guid(e9be5f0fd9c96444ca16e0098481d85d) Importer(815301076,1909f56bfc062723c751e8b465ee728b)
Start importing Assets/Scenes/textures/fuego.jfif using Guid(e9be5f0fd9c96444ca16e0098481d85d) Importer(815301076,1909f56bfc062723c751e8b465ee728b)  -> (artifact id: 'b6235997aadfdc2549c23fabce9dc4ac') in 0.003175 seconds 
  Import took 0.007444 seconds .

========================================================================
Received Import Request.
  Time since last request: 139.524046 seconds.
  path: Assets/Scenes/textures/fuego.jfif
  artifactKey: Guid(e9be5f0fd9c96444ca16e0098481d85d) Importer(815301076,1909f56bfc062723c751e8b465ee728b)
Start importing Assets/Scenes/textures/fuego.jfif using Guid(e9be5f0fd9c96444ca16e0098481d85d) Importer(815301076,1909f56bfc062723c751e8b465ee728b)  -> (artifact id: '5a2d16e2cad5f56233924c4bd00cb963') in 0.003399 seconds 
  Import took 0.006717 seconds .

========================================================================
Received Import Request.
  Time since last request: 34.675179 seconds.
  path: Assets/Scenes/mateial
  artifactKey: Guid(ae82f1c272e6e9649a411853d7845944) Importer(815301076,1909f56bfc062723c751e8b465ee728b)
Start importing Assets/Scenes/mateial using Guid(ae82f1c272e6e9649a411853d7845944) Importer(815301076,1909f56bfc062723c751e8b465ee728b)  -> (artifact id: '9a07240fff097c6c3007c9335ee8939b') in 0.003393 seconds 
  Import took 0.006162 seconds .

========================================================================
Received Import Request.
  Time since last request: 6.285316 seconds.
  path: Assets/Scenes/material
  artifactKey: Guid(ae82f1c272e6e9649a411853d7845944) Importer(815301076,1909f56bfc062723c751e8b465ee728b)
Start importing Assets/Scenes/material using Guid(ae82f1c272e6e9649a411853d7845944) Importer(815301076,1909f56bfc062723c751e8b465ee728b)  -> (artifact id: '6af63152c8aba47b4ea10e557a0710e7') in 0.000933 seconds 
  Import took 0.003784 seconds .

========================================================================
Received Import Request.
  Time since last request: 17.893760 seconds.
  path: Assets/Scenes/material/fuego.mat
  artifactKey: Guid(94c48110adc2243478128187d2a4eeef) Importer(815301076,1909f56bfc062723c751e8b465ee728b)
Start importing Assets/Scenes/material/fuego.mat using Guid(94c48110adc2243478128187d2a4eeef) Importer(815301076,1909f56bfc062723c751e8b465ee728b)  -> (artifact id: '571c3b3f279d1037151123f3c73a5236') in 0.041783 seconds 
  Import took 0.044968 seconds .

========================================================================
Received Import Request.
  Time since last request: 217.790583 seconds.
  path: Assets/Scenes/textures/ventana.jpg
  artifactKey: Guid(bf0661a43c4e88049babfd770df92242) Importer(815301076,1909f56bfc062723c751e8b465ee728b)
Start importing Assets/Scenes/textures/ventana.jpg using Guid(bf0661a43c4e88049babfd770df92242) Importer(815301076,1909f56bfc062723c751e8b465ee728b)  -> (artifact id: 'd7f77876a83785340a0f99b09ea97e59') in 0.022014 seconds 
  Import took 0.025091 seconds .

========================================================================
Received Import Request.
  Time since last request: 181.828933 seconds.
  path: Assets/Scenes/textures/fuego.jpg
  artifactKey: Guid(86f56b9f658bec04b99705185b7817c7) Importer(815301076,1909f56bfc062723c751e8b465ee728b)
Start importing Assets/Scenes/textures/fuego.jpg using Guid(86f56b9f658bec04b99705185b7817c7) Importer(815301076,1909f56bfc062723c751e8b465ee728b)  -> (artifact id: '21beb2efa8836b18654950834067bdfd') in 0.010502 seconds 
  Import took 0.013429 seconds .

========================================================================
Received Import Request.
  Time since last request: 23.344634 seconds.
  path: Assets/Scenes/Materials/ventana.mat
  artifactKey: Guid(47556d8b55ec6344abe18d8d0be62109) Importer(815301076,1909f56bfc062723c751e8b465ee728b)
Start importing Assets/Scenes/Materials/ventana.mat using Guid(47556d8b55ec6344abe18d8d0be62109) Importer(815301076,1909f56bfc062723c751e8b465ee728b)  -> (artifact id: 'bfa9a42f76ab7ad45f5e537764ddbb75') in 0.008393 seconds 
  Import took 0.011224 seconds .

========================================================================
Received Import Request.
  Time since last request: 6.548931 seconds.
  path: Assets/Scenes/Materials
  artifactKey: Guid(df61cf0ece6fff14f906999ec6fed424) Importer(815301076,1909f56bfc062723c751e8b465ee728b)
Start importing Assets/Scenes/Materials using Guid(df61cf0ece6fff14f906999ec6fed424) Importer(815301076,1909f56bfc062723c751e8b465ee728b)  -> (artifact id: '9fcdedf83a71cc62dfe3a9a524b497b5') in 0.001218 seconds 
  Import took 0.004644 seconds .

========================================================================
Received Import Request.
  Time since last request: 166.458536 seconds.
  path: Assets/Scenes/Materials/fuego.mat
  artifactKey: Guid(ea80c38f29760b4419e43b9f004b535b) Importer(815301076,1909f56bfc062723c751e8b465ee728b)
Start importing Assets/Scenes/Materials/fuego.mat using Guid(ea80c38f29760b4419e43b9f004b535b) Importer(815301076,1909f56bfc062723c751e8b465ee728b)  -> (artifact id: '6b78437542b42bc4799beecc5f3aa291') in 0.008220 seconds 
  Import took 0.011583 seconds .

========================================================================
Received Import Request.
  Time since last request: 16.854870 seconds.
  path: Assets/Scenes/Materials/motor_mat
  artifactKey: Guid(1e3de4db9bdefa042a71b04995d7b100) Importer(815301076,1909f56bfc062723c751e8b465ee728b)
Start importing Assets/Scenes/Materials/motor_mat using Guid(1e3de4db9bdefa042a71b04995d7b100) Importer(815301076,1909f56bfc062723c751e8b465ee728b)  -> (artifact id: '595acab2f6dd742ec44d2abda26778b4') in 0.002565 seconds 
  Import took 0.005494 seconds .

========================================================================
Received Import Request.
  Time since last request: 13.778902 seconds.
  path: Assets/Scenes/Materials/motor_mat/motor1_mat.mat
  artifactKey: Guid(f6c458991eec9404fb0507448a02a7c5) Importer(815301076,1909f56bfc062723c751e8b465ee728b)
Start importing Assets/Scenes/Materials/motor_mat/motor1_mat.mat using Guid(f6c458991eec9404fb0507448a02a7c5) Importer(815301076,1909f56bfc062723c751e8b465ee728b)  -> (artifact id: '51c8faaffd136bc832d6172d149927ae') in 0.012653 seconds 
  Import took 0.015566 seconds .

========================================================================
Received Import Request.
  Time since last request: 217.776670 seconds.
  path: Assets/Scenes/Materials/motor_mat/junta_mat.mat
  artifactKey: Guid(c0a5e87d4014da844afebec300510a57) Importer(815301076,1909f56bfc062723c751e8b465ee728b)
Start importing Assets/Scenes/Materials/motor_mat/junta_mat.mat using Guid(c0a5e87d4014da844afebec300510a57) Importer(815301076,1909f56bfc062723c751e8b465ee728b)  -> (artifact id: 'db9d9bd4f8ef0cff6174033206f5c999') in 0.011093 seconds 
  Import took 0.015043 seconds .

========================================================================
Received Import Request.
  Time since last request: 56.582820 seconds.
  path: Assets/Scenes/Materials/player_mat
  artifactKey: Guid(406585d1572682d40ac749677e26f540) Importer(815301076,1909f56bfc062723c751e8b465ee728b)
Start importing Assets/Scenes/Materials/player_mat using Guid(406585d1572682d40ac749677e26f540) Importer(815301076,1909f56bfc062723c751e8b465ee728b)  -> (artifact id: '62ca482d8e5c86cddec9a4cf34ef6c94') in 0.003103 seconds 
  Import took 0.005993 seconds .

========================================================================
Received Import Request.
  Time since last request: 8.869468 seconds.
  path: Assets/Scenes/Materials/player_mat/capsule
  artifactKey: Guid(1c66cae28f280134bae331aff1fbfddf) Importer(815301076,1909f56bfc062723c751e8b465ee728b)
Start importing Assets/Scenes/Materials/player_mat/capsule using Guid(1c66cae28f280134bae331aff1fbfddf) Importer(815301076,1909f56bfc062723c751e8b465ee728b)  -> (artifact id: '1598c10b35463ed0678be56252d5fb45') in 0.002345 seconds 
  Import took 0.005210 seconds .

========================================================================
Received Import Request.
  Time since last request: 11.845790 seconds.
  path: Assets/Scenes/Materials/player_mat/ventana.mat
  artifactKey: Guid(47556d8b55ec6344abe18d8d0be62109) Importer(815301076,1909f56bfc062723c751e8b465ee728b)
Start importing Assets/Scenes/Materials/player_mat/ventana.mat using Guid(47556d8b55ec6344abe18d8d0be62109) Importer(815301076,1909f56bfc062723c751e8b465ee728b)  -> (artifact id: '0cfc63d3de60fd76d10ab7919becaf94') in 0.007374 seconds 
  Import took 0.010138 seconds .

========================================================================
Received Import Request.
  Time since last request: 8.619838 seconds.
  path: Assets/Scenes/Materials/player_mat/capsule/New Material.mat
  artifactKey: Guid(5bd0045b2c19fb048a0c085eec9bda84) Importer(815301076,1909f56bfc062723c751e8b465ee728b)
Start importing Assets/Scenes/Materials/player_mat/capsule/New Material.mat using Guid(5bd0045b2c19fb048a0c085eec9bda84) Importer(815301076,1909f56bfc062723c751e8b465ee728b)  -> (artifact id: '5e7bfd72fc076fefe78dc2f23413f61c') in 0.014783 seconds 
  Import took 0.017174 seconds .

========================================================================
Received Import Request.
  Time since last request: 56.889720 seconds.
  path: Assets/Scenes/Materials/player_mat/capsule/laterales_mat.mat
  artifactKey: Guid(5907428c2a6f2a64eba06c56fdc46bb0) Importer(815301076,1909f56bfc062723c751e8b465ee728b)
Start importing Assets/Scenes/Materials/player_mat/capsule/laterales_mat.mat using Guid(5907428c2a6f2a64eba06c56fdc46bb0) Importer(815301076,1909f56bfc062723c751e8b465ee728b)  -> (artifact id: '59a9c79aed19faf074d39cdb25e01abc') in 0.007431 seconds 
  Import took 0.010683 seconds .

========================================================================
Received Import Request.
  Time since last request: 10.087007 seconds.
  path: Assets/Scenes/Materials/player_mat/capsule/cobertura_mat.mat
  artifactKey: Guid(5bd0045b2c19fb048a0c085eec9bda84) Importer(815301076,1909f56bfc062723c751e8b465ee728b)
Start importing Assets/Scenes/Materials/player_mat/capsule/cobertura_mat.mat using Guid(5bd0045b2c19fb048a0c085eec9bda84) Importer(815301076,1909f56bfc062723c751e8b465ee728b)  -> (artifact id: '9b3ad6af780b89cbab5a71ed998156aa') in 0.007466 seconds 
  Import took 0.010346 seconds .

========================================================================
Received Import Request.
  Time since last request: 205.585719 seconds.
  path: Assets/Scenes/prefabs/personajes_pref/Player.prefab
  artifactKey: Guid(0c91da05368191042bb574540288b581) Importer(815301076,1909f56bfc062723c751e8b465ee728b)
Start importing Assets/Scenes/prefabs/personajes_pref/Player.prefab using Guid(0c91da05368191042bb574540288b581) Importer(815301076,1909f56bfc062723c751e8b465ee728b)  -> (artifact id: 'bf49cab0553f2796b14c6cde53c3c54f') in 0.012094 seconds 
  Import took 0.015185 seconds .

========================================================================
Received Import Request.
  Time since last request: 18.459363 seconds.
  path: Assets/Scenes/prefabs/partes_pref/cabina.prefab
  artifactKey: Guid(7716ef7a13f76cc4eb6f4df63f4450ac) Importer(815301076,1909f56bfc062723c751e8b465ee728b)
Start importing Assets/Scenes/prefabs/partes_pref/cabina.prefab using Guid(7716ef7a13f76cc4eb6f4df63f4450ac) Importer(815301076,1909f56bfc062723c751e8b465ee728b)  -> (artifact id: 'f59620a046ec69873be792a652c901c9') in 0.008838 seconds 
  Import took 0.011778 seconds .

========================================================================
Received Import Request.
  Time since last request: 0.000343 seconds.
  path: Assets/Scenes/prefabs/partes_pref/parte1_motor.prefab
  artifactKey: Guid(4c96fc847026db74bb92c4c90eec6207) Importer(815301076,1909f56bfc062723c751e8b465ee728b)
Start importing Assets/Scenes/prefabs/partes_pref/parte1_motor.prefab using Guid(4c96fc847026db74bb92c4c90eec6207) Importer(815301076,1909f56bfc062723c751e8b465ee728b)  -> (artifact id: 'f43a8e5bb33a05145b3ab8a206ce3c11') in 0.010226 seconds 
  Import took 0.012672 seconds .

========================================================================
Received Import Request.
  Time since last request: 2.991610 seconds.
  path: Assets/Scenes/prefabs/personajes_pref/Player.prefab
  artifactKey: Guid(0c91da05368191042bb574540288b581) Importer(815301076,1909f56bfc062723c751e8b465ee728b)
Start importing Assets/Scenes/prefabs/personajes_pref/Player.prefab using Guid(0c91da05368191042bb574540288b581) Importer(815301076,1909f56bfc062723c751e8b465ee728b)  -> (artifact id: '46f254b21e268653da37fe6af8b2b812') in 0.010252 seconds 
  Import took 0.013341 seconds .

========================================================================
Received Import Request.
  Time since last request: 147.563097 seconds.
  path: Assets/Scenes/prefabs/personajes_pref/Player.prefab
  artifactKey: Guid(0c91da05368191042bb574540288b581) Importer(815301076,1909f56bfc062723c751e8b465ee728b)
Start importing Assets/Scenes/prefabs/personajes_pref/Player.prefab using Guid(0c91da05368191042bb574540288b581) Importer(815301076,1909f56bfc062723c751e8b465ee728b)  -> (artifact id: '35b36816bbbe971a694d91a57aa2b488') in 0.014365 seconds 
  Import took 0.017675 seconds .

========================================================================
Received Import Request.
  Time since last request: 6.714650 seconds.
  path: Assets/Scenes/prefabs/personajes_pref/Enemy Variant.prefab
  artifactKey: Guid(b34b854bcc76a26479d56b9929c091e8) Importer(815301076,1909f56bfc062723c751e8b465ee728b)
Start importing Assets/Scenes/prefabs/personajes_pref/Enemy Variant.prefab using Guid(b34b854bcc76a26479d56b9929c091e8) Importer(815301076,1909f56bfc062723c751e8b465ee728b)  -> (artifact id: 'b9892a9051e7fd72764c866a31470b3b') in 0.016761 seconds 
  Import took 0.020734 seconds .

========================================================================
Received Import Request.
  Time since last request: 24.565920 seconds.
  path: Assets/Scenes/Materials/enemy_mat
  artifactKey: Guid(6e91a206855090c499bf9b5be6e722a0) Importer(815301076,1909f56bfc062723c751e8b465ee728b)
Start importing Assets/Scenes/Materials/enemy_mat using Guid(6e91a206855090c499bf9b5be6e722a0) Importer(815301076,1909f56bfc062723c751e8b465ee728b)  -> (artifact id: 'e7683ea8c87a189608570642b8896247') in 0.002325 seconds 
  Import took 0.004900 seconds .

========================================================================
Received Import Request.
  Time since last request: 6.674674 seconds.
  path: Assets/Scenes/Materials/enemy_mat/New Material.mat
  artifactKey: Guid(bef98bf8da8298b469075882a41ebcc3) Importer(815301076,1909f56bfc062723c751e8b465ee728b)
Start importing Assets/Scenes/Materials/enemy_mat/New Material.mat using Guid(bef98bf8da8298b469075882a41ebcc3) Importer(815301076,1909f56bfc062723c751e8b465ee728b)  -> (artifact id: 'c85d9fcbcb5e1d30e8d42bb2ecb797f7') in 0.012137 seconds 
  Import took 0.014885 seconds .

========================================================================
Received Import Request.
  Time since last request: 29.503982 seconds.
  path: Assets/Scenes/Materials/enemy_mat/New Material 1.mat
  artifactKey: Guid(4cca902a66e91fb4ca1adac4f3c99024) Importer(815301076,1909f56bfc062723c751e8b465ee728b)
Start importing Assets/Scenes/Materials/enemy_mat/New Material 1.mat using Guid(4cca902a66e91fb4ca1adac4f3c99024) Importer(815301076,1909f56bfc062723c751e8b465ee728b)  -> (artifact id: '6fe6fb172bfde6d6d60efdd1c515b79d') in 0.011362 seconds 
  Import took 0.014909 seconds .

========================================================================
Received Import Request.
  Time since last request: 63.222079 seconds.
  path: Assets/Scenes/Materials/enemy_mat/cuerpo_mat.mat
  artifactKey: Guid(4cca902a66e91fb4ca1adac4f3c99024) Importer(815301076,1909f56bfc062723c751e8b465ee728b)
Start importing Assets/Scenes/Materials/enemy_mat/cuerpo_mat.mat using Guid(4cca902a66e91fb4ca1adac4f3c99024) Importer(815301076,1909f56bfc062723c751e8b465ee728b)  -> (artifact id: 'f0a099b2ad93412fb57c2fd6bb068e0f') in 0.009193 seconds 
  Import took 0.012642 seconds .

========================================================================
Received Import Request.
  Time since last request: 11.836233 seconds.
  path: Assets/Scenes/Materials/enemy_mat/detallles_mat.mat
  artifactKey: Guid(bef98bf8da8298b469075882a41ebcc3) Importer(815301076,1909f56bfc062723c751e8b465ee728b)
Start importing Assets/Scenes/Materials/enemy_mat/detallles_mat.mat using Guid(bef98bf8da8298b469075882a41ebcc3) Importer(815301076,1909f56bfc062723c751e8b465ee728b)  -> (artifact id: 'f931db4e2caf5ebc456da18411224104') in 0.008963 seconds 
  Import took 0.012206 seconds .

========================================================================
Received Import Request.
  Time since last request: 6.270201 seconds.
  path: Assets/Scenes/Materials/enemy_mat/detalles_mat.mat
  artifactKey: Guid(bef98bf8da8298b469075882a41ebcc3) Importer(815301076,1909f56bfc062723c751e8b465ee728b)
Start importing Assets/Scenes/Materials/enemy_mat/detalles_mat.mat using Guid(bef98bf8da8298b469075882a41ebcc3) Importer(815301076,1909f56bfc062723c751e8b465ee728b)  -> (artifact id: 'f2dee79488d2769be019c63ca0a3bf86') in 0.011157 seconds 
  Import took 0.014228 seconds .

========================================================================
Received Import Request.
  Time since last request: 7.593212 seconds.
  path: Assets/Scenes/prefabs/personajes_pref/Enemy Variant.prefab
  artifactKey: Guid(b34b854bcc76a26479d56b9929c091e8) Importer(815301076,1909f56bfc062723c751e8b465ee728b)
Start importing Assets/Scenes/prefabs/personajes_pref/Enemy Variant.prefab using Guid(b34b854bcc76a26479d56b9929c091e8) Importer(815301076,1909f56bfc062723c751e8b465ee728b)  -> (artifact id: 'f2f9d22990e3bb4e0019e509384a9676') in 0.013433 seconds 
  Import took 0.016667 seconds .

========================================================================
Received Import Request.
  Time since last request: 610.826681 seconds.
  path: Assets/Scenes/prefabs/personajes_pref/Enemy Variant.prefab
  artifactKey: Guid(b34b854bcc76a26479d56b9929c091e8) Importer(815301076,1909f56bfc062723c751e8b465ee728b)
Start importing Assets/Scenes/prefabs/personajes_pref/Enemy Variant.prefab using Guid(b34b854bcc76a26479d56b9929c091e8) Importer(815301076,1909f56bfc062723c751e8b465ee728b)  -> (artifact id: '545f6527c9a305bf7380bdc18fab597b') in 0.019676 seconds 
  Import took 0.023597 seconds .

========================================================================
Received Import Request.
  Time since last request: 0.000302 seconds.
  path: Assets/Scenes/prefabs/personajes_pref/Player.prefab
  artifactKey: Guid(0c91da05368191042bb574540288b581) Importer(815301076,1909f56bfc062723c751e8b465ee728b)
Start importing Assets/Scenes/prefabs/personajes_pref/Player.prefab using Guid(0c91da05368191042bb574540288b581) Importer(815301076,1909f56bfc062723c751e8b465ee728b)  -> (artifact id: '4dcb0914f17441a557eaebdc7ad23c3d') in 0.022200 seconds 
  Import took 0.024945 seconds .

========================================================================
Received Import Request.
  Time since last request: 12.456845 seconds.
  path: Assets/Scenes/prefabs/personajes_pref/Enemy Variant.prefab
  artifactKey: Guid(b34b854bcc76a26479d56b9929c091e8) Importer(815301076,1909f56bfc062723c751e8b465ee728b)
Start importing Assets/Scenes/prefabs/personajes_pref/Enemy Variant.prefab using Guid(b34b854bcc76a26479d56b9929c091e8) Importer(815301076,1909f56bfc062723c751e8b465ee728b)  -> (artifact id: '4a9f52392919eae3deda791d65150cd2') in 0.013452 seconds 
  Import took 0.017349 seconds .

========================================================================
Received Import Request.
  Time since last request: 0.000112 seconds.
  path: Assets/Scenes/prefabs/personajes_pref/Player.prefab
  artifactKey: Guid(0c91da05368191042bb574540288b581) Importer(815301076,1909f56bfc062723c751e8b465ee728b)
Start importing Assets/Scenes/prefabs/personajes_pref/Player.prefab using Guid(0c91da05368191042bb574540288b581) Importer(815301076,1909f56bfc062723c751e8b465ee728b)  -> (artifact id: 'd1427a4881ad73dbfc5b211a68d69f6d') in 0.023968 seconds 
  Import took 0.027254 seconds .

========================================================================
Received Import Request.
  Time since last request: 11.191911 seconds.
  path: Assets/Scenes/prefabs/personajes_pref/Enemy Variant.prefab
  artifactKey: Guid(b34b854bcc76a26479d56b9929c091e8) Importer(815301076,1909f56bfc062723c751e8b465ee728b)
Start importing Assets/Scenes/prefabs/personajes_pref/Enemy Variant.prefab using Guid(b34b854bcc76a26479d56b9929c091e8) Importer(815301076,1909f56bfc062723c751e8b465ee728b)  -> (artifact id: '07071114539ccb97fb6de76c3033a25a') in 0.016408 seconds 
  Import took 0.020093 seconds .

========================================================================
Received Import Request.
  Time since last request: 0.000168 seconds.
  path: Assets/Scenes/prefabs/personajes_pref/Player.prefab
  artifactKey: Guid(0c91da05368191042bb574540288b581) Importer(815301076,1909f56bfc062723c751e8b465ee728b)
Start importing Assets/Scenes/prefabs/personajes_pref/Player.prefab using Guid(0c91da05368191042bb574540288b581) Importer(815301076,1909f56bfc062723c751e8b465ee728b)  -> (artifact id: '40c3d1f04b4643f09d812c90b336670b') in 0.034528 seconds 
  Import took 0.037780 seconds .

========================================================================
Received Import Request.
  Time since last request: 511.173441 seconds.
  path: Assets/Scenes/prefabs/personajes_pref/Enemy Variant.prefab
  artifactKey: Guid(b34b854bcc76a26479d56b9929c091e8) Importer(815301076,1909f56bfc062723c751e8b465ee728b)
Start importing Assets/Scenes/prefabs/personajes_pref/Enemy Variant.prefab using Guid(b34b854bcc76a26479d56b9929c091e8) Importer(815301076,1909f56bfc062723c751e8b465ee728b)  -> (artifact id: '49ce9afcd411d1054dea33582d7d20a0') in 0.015324 seconds 
  Import took 0.018777 seconds .

========================================================================
Received Import Request.
  Time since last request: 0.000356 seconds.
  path: Assets/Scenes/prefabs/personajes_pref/Player.prefab
  artifactKey: Guid(0c91da05368191042bb574540288b581) Importer(815301076,1909f56bfc062723c751e8b465ee728b)
Start importing Assets/Scenes/prefabs/personajes_pref/Player.prefab using Guid(0c91da05368191042bb574540288b581) Importer(815301076,1909f56bfc062723c751e8b465ee728b)  -> (artifact id: '7a23a54359c4a030a0bee45f2312adcc') in 0.012683 seconds 
  Import took 0.015692 seconds .

========================================================================
Received Import Request.
  Time since last request: 9.222214 seconds.
  path: Assets/Scenes/prefabs/personajes_pref/Enemy Variant.prefab
  artifactKey: Guid(b34b854bcc76a26479d56b9929c091e8) Importer(815301076,1909f56bfc062723c751e8b465ee728b)
Start importing Assets/Scenes/prefabs/personajes_pref/Enemy Variant.prefab using Guid(b34b854bcc76a26479d56b9929c091e8) Importer(815301076,1909f56bfc062723c751e8b465ee728b)  -> (artifact id: '0061ba74097e721282070d7f39544ee0') in 0.014738 seconds 
  Import took 0.018048 seconds .

========================================================================
Received Import Request.
  Time since last request: 0.000341 seconds.
  path: Assets/Scenes/prefabs/personajes_pref/Player.prefab
  artifactKey: Guid(0c91da05368191042bb574540288b581) Importer(815301076,1909f56bfc062723c751e8b465ee728b)
Start importing Assets/Scenes/prefabs/personajes_pref/Player.prefab using Guid(0c91da05368191042bb574540288b581) Importer(815301076,1909f56bfc062723c751e8b465ee728b)  -> (artifact id: '1671c5645e88fd0776079c02f6dd8419') in 0.012006 seconds 
  Import took 0.015229 seconds .

========================================================================
Received Import Request.
  Time since last request: 5.887368 seconds.
  path: Assets/Scenes/prefabs/personajes_pref/Enemy Variant.prefab
  artifactKey: Guid(b34b854bcc76a26479d56b9929c091e8) Importer(815301076,1909f56bfc062723c751e8b465ee728b)
Start importing Assets/Scenes/prefabs/personajes_pref/Enemy Variant.prefab using Guid(b34b854bcc76a26479d56b9929c091e8) Importer(815301076,1909f56bfc062723c751e8b465ee728b)  -> (artifact id: 'd8ff1207626ae6b68fbb3aeda3bc7cdc') in 0.022592 seconds 
  Import took 0.026166 seconds .

========================================================================
Received Import Request.
  Time since last request: 0.000242 seconds.
  path: Assets/Scenes/prefabs/personajes_pref/Player.prefab
  artifactKey: Guid(0c91da05368191042bb574540288b581) Importer(815301076,1909f56bfc062723c751e8b465ee728b)
Start importing Assets/Scenes/prefabs/personajes_pref/Player.prefab using Guid(0c91da05368191042bb574540288b581) Importer(815301076,1909f56bfc062723c751e8b465ee728b)  -> (artifact id: 'cbd0f7baf46963c64feb24fe96e4e0bc') in 0.036648 seconds 
  Import took 0.040132 seconds .

========================================================================
Received Import Request.
  Time since last request: 14.456607 seconds.
  path: Assets/Scenes/prefabs/personajes_pref/Enemy Variant.prefab
  artifactKey: Guid(b34b854bcc76a26479d56b9929c091e8) Importer(815301076,1909f56bfc062723c751e8b465ee728b)
Start importing Assets/Scenes/prefabs/personajes_pref/Enemy Variant.prefab using Guid(b34b854bcc76a26479d56b9929c091e8) Importer(815301076,1909f56bfc062723c751e8b465ee728b)  -> (artifact id: '2844ce3c1c55883a9eec2ee075862e54') in 0.013570 seconds 
  Import took 0.017288 seconds .

========================================================================
Received Import Request.
  Time since last request: 0.000373 seconds.
  path: Assets/Scenes/prefabs/personajes_pref/Player.prefab
  artifactKey: Guid(0c91da05368191042bb574540288b581) Importer(815301076,1909f56bfc062723c751e8b465ee728b)
Start importing Assets/Scenes/prefabs/personajes_pref/Player.prefab using Guid(0c91da05368191042bb574540288b581) Importer(815301076,1909f56bfc062723c751e8b465ee728b)  -> (artifact id: '17d35af4d951b7a118f985766ea4a4ea') in 0.013283 seconds 
  Import took 0.016266 seconds .

========================================================================
Received Import Request.
  Time since last request: 5.876919 seconds.
  path: Assets/Scenes/prefabs/personajes_pref/Enemy Variant.prefab
  artifactKey: Guid(b34b854bcc76a26479d56b9929c091e8) Importer(815301076,1909f56bfc062723c751e8b465ee728b)
Start importing Assets/Scenes/prefabs/personajes_pref/Enemy Variant.prefab using Guid(b34b854bcc76a26479d56b9929c091e8) Importer(815301076,1909f56bfc062723c751e8b465ee728b)  -> (artifact id: '7f9859f01ecf3542fe003f8559daab71') in 0.014591 seconds 
  Import took 0.017990 seconds .

========================================================================
Received Import Request.
  Time since last request: 0.000271 seconds.
  path: Assets/Scenes/prefabs/personajes_pref/Player.prefab
  artifactKey: Guid(0c91da05368191042bb574540288b581) Importer(815301076,1909f56bfc062723c751e8b465ee728b)
Start importing Assets/Scenes/prefabs/personajes_pref/Player.prefab using Guid(0c91da05368191042bb574540288b581) Importer(815301076,1909f56bfc062723c751e8b465ee728b)  -> (artifact id: 'f0cc80a16999087c3ae4912cbf22415b') in 0.032888 seconds 
  Import took 0.037399 seconds .

========================================================================
Received Import Request.
  Time since last request: 1.592379 seconds.
  path: Assets/Scenes/prefabs/personajes_pref/Enemy Variant.prefab
  artifactKey: Guid(b34b854bcc76a26479d56b9929c091e8) Importer(815301076,1909f56bfc062723c751e8b465ee728b)
Start importing Assets/Scenes/prefabs/personajes_pref/Enemy Variant.prefab using Guid(b34b854bcc76a26479d56b9929c091e8) Importer(815301076,1909f56bfc062723c751e8b465ee728b)  -> (artifact id: 'af9239068688696affe6c87147f32722') in 0.013872 seconds 
  Import took 0.017529 seconds .

========================================================================
Received Import Request.
  Time since last request: 0.000257 seconds.
  path: Assets/Scenes/prefabs/personajes_pref/Player.prefab
  artifactKey: Guid(0c91da05368191042bb574540288b581) Importer(815301076,1909f56bfc062723c751e8b465ee728b)
Start importing Assets/Scenes/prefabs/personajes_pref/Player.prefab using Guid(0c91da05368191042bb574540288b581) Importer(815301076,1909f56bfc062723c751e8b465ee728b)  -> (artifact id: '06f82bae4b8a3e6e033fbc0b243a4b21') in 0.025806 seconds 
  Import took 0.029052 seconds .

========================================================================
Received Import Request.
  Time since last request: 8.426849 seconds.
  path: Assets/Scenes/prefabs/personajes_pref/Enemy Variant.prefab
  artifactKey: Guid(b34b854bcc76a26479d56b9929c091e8) Importer(815301076,1909f56bfc062723c751e8b465ee728b)
Start importing Assets/Scenes/prefabs/personajes_pref/Enemy Variant.prefab using Guid(b34b854bcc76a26479d56b9929c091e8) Importer(815301076,1909f56bfc062723c751e8b465ee728b)  -> (artifact id: '6471da76dd46f14d5010e820537c9828') in 0.013308 seconds 
  Import took 0.018240 seconds .

========================================================================
Received Import Request.
  Time since last request: 0.000210 seconds.
  path: Assets/Scenes/prefabs/personajes_pref/Player.prefab
  artifactKey: Guid(0c91da05368191042bb574540288b581) Importer(815301076,1909f56bfc062723c751e8b465ee728b)
Start importing Assets/Scenes/prefabs/personajes_pref/Player.prefab using Guid(0c91da05368191042bb574540288b581) Importer(815301076,1909f56bfc062723c751e8b465ee728b)  -> (artifact id: 'e00e429d842731b8cd44ef82b7ab3a3e') in 0.022976 seconds 
  Import took 0.025940 seconds .

========================================================================
Received Import Request.
  Time since last request: 3.979494 seconds.
  path: Assets/Scenes/prefabs/personajes_pref/Enemy Variant.prefab
  artifactKey: Guid(b34b854bcc76a26479d56b9929c091e8) Importer(815301076,1909f56bfc062723c751e8b465ee728b)
Start importing Assets/Scenes/prefabs/personajes_pref/Enemy Variant.prefab using Guid(b34b854bcc76a26479d56b9929c091e8) Importer(815301076,1909f56bfc062723c751e8b465ee728b)  -> (artifact id: 'cc87f95c47b15b2ca9d7827f7e263dd4') in 0.017186 seconds 
  Import took 0.020924 seconds .

========================================================================
Received Import Request.
  Time since last request: 0.000267 seconds.
  path: Assets/Scenes/prefabs/personajes_pref/Player.prefab
  artifactKey: Guid(0c91da05368191042bb574540288b581) Importer(815301076,1909f56bfc062723c751e8b465ee728b)
Start importing Assets/Scenes/prefabs/personajes_pref/Player.prefab using Guid(0c91da05368191042bb574540288b581) Importer(815301076,1909f56bfc062723c751e8b465ee728b)  -> (artifact id: '8b95fd64b26a8fa2fac0cbd2d45d9c8e') in 0.023618 seconds 
  Import took 0.027122 seconds .

========================================================================
Received Import Request.
  Time since last request: 12.493531 seconds.
  path: Assets/Scenes/prefabs/personajes_pref/Enemy Variant.prefab
  artifactKey: Guid(b34b854bcc76a26479d56b9929c091e8) Importer(815301076,1909f56bfc062723c751e8b465ee728b)
Start importing Assets/Scenes/prefabs/personajes_pref/Enemy Variant.prefab using Guid(b34b854bcc76a26479d56b9929c091e8) Importer(815301076,1909f56bfc062723c751e8b465ee728b)  -> (artifact id: 'c1173ee84c1a3c0b6843d16c64039eda') in 0.019756 seconds 
  Import took 0.023710 seconds .

========================================================================
Received Import Request.
  Time since last request: 0.000337 seconds.
  path: Assets/Scenes/prefabs/personajes_pref/Player.prefab
  artifactKey: Guid(0c91da05368191042bb574540288b581) Importer(815301076,1909f56bfc062723c751e8b465ee728b)
Start importing Assets/Scenes/prefabs/personajes_pref/Player.prefab using Guid(0c91da05368191042bb574540288b581) Importer(815301076,1909f56bfc062723c751e8b465ee728b)  -> (artifact id: '37db9b37e55f4feb245ea2bdc36d2259') in 0.035933 seconds 
  Import took 0.039015 seconds .

========================================================================
Received Import Request.
  Time since last request: 3.950916 seconds.
  path: Assets/Scenes/prefabs/personajes_pref/Enemy Variant.prefab
  artifactKey: Guid(b34b854bcc76a26479d56b9929c091e8) Importer(815301076,1909f56bfc062723c751e8b465ee728b)
Start importing Assets/Scenes/prefabs/personajes_pref/Enemy Variant.prefab using Guid(b34b854bcc76a26479d56b9929c091e8) Importer(815301076,1909f56bfc062723c751e8b465ee728b)  -> (artifact id: '8c87125033b0676e9f696bad4e3a718a') in 0.012928 seconds 
  Import took 0.016827 seconds .

========================================================================
Received Import Request.
  Time since last request: 0.000295 seconds.
  path: Assets/Scenes/prefabs/personajes_pref/Player.prefab
  artifactKey: Guid(0c91da05368191042bb574540288b581) Importer(815301076,1909f56bfc062723c751e8b465ee728b)
Start importing Assets/Scenes/prefabs/personajes_pref/Player.prefab using Guid(0c91da05368191042bb574540288b581) Importer(815301076,1909f56bfc062723c751e8b465ee728b)  -> (artifact id: 'd4c9fc9f15f46d0a3a46d385059a19ae') in 0.011692 seconds 
  Import took 0.014681 seconds .

========================================================================
Received Import Request.
  Time since last request: 8.313736 seconds.
  path: Assets/Scenes/prefabs/personajes_pref/Enemy Variant.prefab
  artifactKey: Guid(b34b854bcc76a26479d56b9929c091e8) Importer(815301076,1909f56bfc062723c751e8b465ee728b)
Start importing Assets/Scenes/prefabs/personajes_pref/Enemy Variant.prefab using Guid(b34b854bcc76a26479d56b9929c091e8) Importer(815301076,1909f56bfc062723c751e8b465ee728b)  -> (artifact id: '02b39d2f1708a8acaa9b94a6179df9de') in 0.013636 seconds 
  Import took 0.017375 seconds .

========================================================================
Received Import Request.
  Time since last request: 0.000381 seconds.
  path: Assets/Scenes/prefabs/personajes_pref/Player.prefab
  artifactKey: Guid(0c91da05368191042bb574540288b581) Importer(815301076,1909f56bfc062723c751e8b465ee728b)
Start importing Assets/Scenes/prefabs/personajes_pref/Player.prefab using Guid(0c91da05368191042bb574540288b581) Importer(815301076,1909f56bfc062723c751e8b465ee728b)  -> (artifact id: '492812459b17abd62cfd1eef3fd1e303') in 0.013750 seconds 
  Import took 0.016476 seconds .

========================================================================
Received Import Request.
  Time since last request: 4.018491 seconds.
  path: Assets/Scenes/prefabs/personajes_pref/Enemy Variant.prefab
  artifactKey: Guid(b34b854bcc76a26479d56b9929c091e8) Importer(815301076,1909f56bfc062723c751e8b465ee728b)
Start importing Assets/Scenes/prefabs/personajes_pref/Enemy Variant.prefab using Guid(b34b854bcc76a26479d56b9929c091e8) Importer(815301076,1909f56bfc062723c751e8b465ee728b)  -> (artifact id: '821adb1609dc776ee9a88870e8e7dad4') in 0.013537 seconds 
  Import took 0.016879 seconds .

========================================================================
Received Import Request.
  Time since last request: 0.000370 seconds.
  path: Assets/Scenes/prefabs/personajes_pref/Player.prefab
  artifactKey: Guid(0c91da05368191042bb574540288b581) Importer(815301076,1909f56bfc062723c751e8b465ee728b)
Start importing Assets/Scenes/prefabs/personajes_pref/Player.prefab using Guid(0c91da05368191042bb574540288b581) Importer(815301076,1909f56bfc062723c751e8b465ee728b)  -> (artifact id: '0a0324aedbe6ed4bdca9644610191a91') in 0.012306 seconds 
  Import took 0.015262 seconds .

========================================================================
Received Import Request.
  Time since last request: 7.616538 seconds.
  path: Assets/Scenes/prefabs/personajes_pref/Enemy Variant.prefab
  artifactKey: Guid(b34b854bcc76a26479d56b9929c091e8) Importer(815301076,1909f56bfc062723c751e8b465ee728b)
Start importing Assets/Scenes/prefabs/personajes_pref/Enemy Variant.prefab using Guid(b34b854bcc76a26479d56b9929c091e8) Importer(815301076,1909f56bfc062723c751e8b465ee728b)  -> (artifact id: '69139de3645a194eb142702a120fb530') in 0.013055 seconds 
  Import took 0.016514 seconds .

========================================================================
Received Import Request.
  Time since last request: 0.000376 seconds.
  path: Assets/Scenes/prefabs/personajes_pref/Player.prefab
  artifactKey: Guid(0c91da05368191042bb574540288b581) Importer(815301076,1909f56bfc062723c751e8b465ee728b)
Start importing Assets/Scenes/prefabs/personajes_pref/Player.prefab using Guid(0c91da05368191042bb574540288b581) Importer(815301076,1909f56bfc062723c751e8b465ee728b)  -> (artifact id: '812b090ab8e4e7bfa5654fd7433b511a') in 0.012448 seconds 
  Import took 0.015346 seconds .

========================================================================
Received Import Request.
  Time since last request: 3.370786 seconds.
  path: Assets/Scenes/prefabs/personajes_pref/Enemy Variant.prefab
  artifactKey: Guid(b34b854bcc76a26479d56b9929c091e8) Importer(815301076,1909f56bfc062723c751e8b465ee728b)
Start importing Assets/Scenes/prefabs/personajes_pref/Enemy Variant.prefab using Guid(b34b854bcc76a26479d56b9929c091e8) Importer(815301076,1909f56bfc062723c751e8b465ee728b)  -> (artifact id: '60f5f1cc05cf55bfac1712ea59be9ec6') in 0.013902 seconds 
  Import took 0.017406 seconds .

========================================================================
Received Import Request.
  Time since last request: 0.000401 seconds.
  path: Assets/Scenes/prefabs/personajes_pref/Player.prefab
  artifactKey: Guid(0c91da05368191042bb574540288b581) Importer(815301076,1909f56bfc062723c751e8b465ee728b)
Start importing Assets/Scenes/prefabs/personajes_pref/Player.prefab using Guid(0c91da05368191042bb574540288b581) Importer(815301076,1909f56bfc062723c751e8b465ee728b)  -> (artifact id: '504e61bd4b3e0b12e1271bdf2ff9664b') in 0.012592 seconds 
  Import took 0.015788 seconds .

========================================================================
Received Import Request.
  Time since last request: 3.654389 seconds.
  path: Assets/Scenes/prefabs/personajes_pref/Enemy Variant.prefab
  artifactKey: Guid(b34b854bcc76a26479d56b9929c091e8) Importer(815301076,1909f56bfc062723c751e8b465ee728b)
Start importing Assets/Scenes/prefabs/personajes_pref/Enemy Variant.prefab using Guid(b34b854bcc76a26479d56b9929c091e8) Importer(815301076,1909f56bfc062723c751e8b465ee728b)  -> (artifact id: '1caa5258c36aa53b15b0aaf9401c5e8c') in 0.013942 seconds 
  Import took 0.017370 seconds .

========================================================================
Received Import Request.
  Time since last request: 0.000357 seconds.
  path: Assets/Scenes/prefabs/personajes_pref/Player.prefab
  artifactKey: Guid(0c91da05368191042bb574540288b581) Importer(815301076,1909f56bfc062723c751e8b465ee728b)
Start importing Assets/Scenes/prefabs/personajes_pref/Player.prefab using Guid(0c91da05368191042bb574540288b581) Importer(815301076,1909f56bfc062723c751e8b465ee728b)  -> (artifact id: 'a1ee0a14e5750165d99cc1904ec84493') in 0.012057 seconds 
  Import took 0.015655 seconds .

========================================================================
Received Import Request.
  Time since last request: 134.365959 seconds.
  path: Assets/Scenes/prefabs/personajes_pref/Enemy Variant.prefab
  artifactKey: Guid(b34b854bcc76a26479d56b9929c091e8) Importer(815301076,1909f56bfc062723c751e8b465ee728b)
Start importing Assets/Scenes/prefabs/personajes_pref/Enemy Variant.prefab using Guid(b34b854bcc76a26479d56b9929c091e8) Importer(815301076,1909f56bfc062723c751e8b465ee728b)  -> (artifact id: 'e7e3bd64d897836703d539f87eba3eb7') in 0.014050 seconds 
  Import took 0.017493 seconds .

========================================================================
Received Import Request.
  Time since last request: 0.000263 seconds.
  path: Assets/Scenes/prefabs/personajes_pref/Player.prefab
  artifactKey: Guid(0c91da05368191042bb574540288b581) Importer(815301076,1909f56bfc062723c751e8b465ee728b)
Start importing Assets/Scenes/prefabs/personajes_pref/Player.prefab using Guid(0c91da05368191042bb574540288b581) Importer(815301076,1909f56bfc062723c751e8b465ee728b)  -> (artifact id: 'cbabf5153a4647f1a32f25ced6003d57') in 0.020080 seconds 
  Import took 0.023407 seconds .

========================================================================
Received Import Request.
  Time since last request: 1.658221 seconds.
  path: Assets/Scenes/prefabs/personajes_pref/Enemy Variant.prefab
  artifactKey: Guid(b34b854bcc76a26479d56b9929c091e8) Importer(815301076,1909f56bfc062723c751e8b465ee728b)
Start importing Assets/Scenes/prefabs/personajes_pref/Enemy Variant.prefab using Guid(b34b854bcc76a26479d56b9929c091e8) Importer(815301076,1909f56bfc062723c751e8b465ee728b)  -> (artifact id: '866ed55032c61ad1d15ed45a764661f6') in 0.014093 seconds 
  Import took 0.017660 seconds .

========================================================================
Received Import Request.
  Time since last request: 20.072666 seconds.
  path: Assets/Scenes/prefabs/personajes_pref/Enemy.prefab
  artifactKey: Guid(52f1913700444ab4b8fa57e9877fee61) Importer(815301076,1909f56bfc062723c751e8b465ee728b)
Start importing Assets/Scenes/prefabs/personajes_pref/Enemy.prefab using Guid(52f1913700444ab4b8fa57e9877fee61) Importer(815301076,1909f56bfc062723c751e8b465ee728b)  -> (artifact id: '9670818b4f84b74bfb42653c977eb7bc') in 0.014699 seconds 
  Import took 0.018105 seconds .

AssetImportWorkerClient::OnTransportError - code=2 error=End of file
